Priroda 19 (2019.03.06)
copyright (c) Dimitri N. Laikov

 date: Fri Mar 31 22:10:23 2023

 node   0: 'MSI'

 Memory: 1024m (1024m)
 Disk:   6g '.'


 molecule input: ''
 4 atoms, 18 electrons

 Atomic Coordinates:
   8     0.31748083  -0.29827991  -0.66142184
   8    -0.40772483   0.63192606   0.24826784
   1     0.30149373   0.77062207   0.90764964
   1    -0.21124974  -1.10426819  -0.49449569
 #
  formula: H2O2
  internuclear distances:
  O1    |  O2   : 1.48954  H2   : 0.97828
  O2    |  O1   : 1.48954  H1   : 0.97827
  H1    |  O2   : 0.97827
  H2    |  O1   : 0.97828
     largest =    2.39669

 atom   8 core =  1
 at.d.=0

 Basis set input: 'basis4.in'
    1   8  O :  14 /  46 : { 3, 2, 1}                          / {10, 7, 3}                          log2(a) =  -2.48, +14.02
    2   8  O :  14 /  46 : { 3, 2, 1}                          / {10, 7, 3}                          log2(a) =  -2.48, +14.02
    3   1  H :   5 /  12 : { 2, 1}                             / { 6, 2}                             log2(a) =  -3.47,  +6.38
    4   1  H :   5 /  12 : { 2, 1}                             / { 6, 2}                             log2(a) =  -3.47,  +6.38

 Finite nucleus model (1):
 atomic number   8:  a = 5.863144e+08, c = 2.039675e+13
 atomic number   1:  a = 2.124824e+09, c = 1.758975e+13

 Basis set input: 'basis4.in'
    1   8  O :  40 / 100 : { 6, 4, 3, 1}                       / {10, 9, 7, 4}                       log2(a) =  -1.51, +10.90
    2   8  O :  40 / 100 : { 6, 4, 3, 1}                       / {10, 9, 7, 4}                       log2(a) =  -1.51, +10.90
    3   1  H :   5 /  15 : { 2, 1}                             / { 6, 3}                             log2(a) =  -2.35,  +6.10
    4   1  H :   5 /  15 : { 2, 1}                             / { 6, 3}                             log2(a) =  -2.35,  +6.10

 +---------------------------------------
 | Number of atoms                      4
 | Charge of molecule                   0
 | Spin multiplicity                    1
 | Number of alpha electrons            9
 | Number of beta  electrons            9
 | Number of core  electrons            2
 | Theoretical Method                 DFT
 | Approximation to E(xc)             PBE
 | Dimension of wavefunction basis     38
 | Dimension of   auxiliary  basis     90
 | Hamiltonian: scalar-relativistic
 | Speed of Light = 137.0359895000
 +---------------------------------------

 scf: conv = 1.0e-06, 1.0e-03; iter=200,16; xmax = 0.25000; 0s; n1=12
 cut-off for S,T,V integrals: 1.0e-10 (1.0e-06)
 inv=2: v = 9.5e-07
 d0 = 7.6e-06, 6.1e-05

 grid: accuracy=1.0e-08,1.0e-05, cut=1.0e-10,1.0e-07, t=-1
 atom    nr
    1    56
    8    64
  mol   240

 ANALYTICAL COMPUTATION OF SECOND DERIVATIVES


 Initial Guess (2)
 time: atomic calculations              :     0.0 100.0%     0.0
 time: Initial Guess                    :     0.0 100.0%     0.0

 SCF
 time: One-Electron Integrals           :     0.0 100.0%     0.0

  it          E            dE            g          x               t
 grid:    11472
   0      -151.5402481745  0.0000000000 0.04008964 0.02286385      0.2
   1      -151.5488036421 -0.0085554676 0.02208537 0.01624416      0.3
   2      -151.5534208859 -0.0046172438 0.00647943 0.00765724      0.4
   3      -151.5538866753 -0.0004657894 0.00191562 0.00172992      0.5
   4      -151.5539411295 -0.0000544542 0.00053064 0.00047968      0.6
   5      -151.5539423843 -0.0000012548 0.00011553 0.00008357      0.6
   6      -151.5539425076 -0.0000001233 0.00006757 0.00009929      0.7
   7      -151.5539424814  0.0000000262 0.00008628 0.00005547      0.8
   8      -151.5539425313 -0.0000000499 0.00000481 0.00000606      0.9
 grid:    49752
   9      -151.5539424235  0.0000001078 0.00028093 0.00012924      1.5
  10      -151.5539430131 -0.0000005896 0.00002285 0.00004238      1.7
  11      -151.5539430186 -0.0000000055 0.00000996 0.00000760      1.9
  12      -151.5539430193 -0.0000000006 0.00000049 0.00000083      2.1
 converged!
 time: Coulomb-type Integrals           :     0.5  45.4%     1.0
 time: Grid Construction                :     0.6 100.0%     0.0
 time: Numerical Integration            :     1.6 100.0%     1.0
 time: SCF Equations                    :     2.1 100.0%     2.0
  13 F,    0 F1

  E  =    -151.5539430193
  T  =     151.06011648  V  =    -431.38543344  J  =     110.41579307
  Ex =     -17.11567947  Ec =      -0.60058740

  dipole =   0.717576 au (  1.823910 D)

 One-Electron Energies (alpha)
 occupied:
   2   -18.808749    3    -1.004498    4    -0.811048    5    -0.465339
   6    -0.418356    7    -0.354385    8    -0.253226    9    -0.215508
 virtual:
  10    -0.036749   11     0.051456   12     0.099164   13     0.641003
  14     0.722472   15     0.775043   16     0.790068   17     0.790787
 time: One-Electron Gradient            :     0.1 100.0%     0.0
 time: Coulomb-type Gradient            :     0.1 100.0%     0.0
 time: Ex. - Corr.  Gradient            :     0.3 100.0%     0.0

 -----------------------------------------
 ANALYTIC SECOND DERIVATIVES OF SCF ENERGY
 -----------------------------------------
 time: One-Electron 2nd Derivatives     :     0.2  21.9%     1.0
 time: Coulomb-type 2nd Derivatives     :     0.4 100.0%     0.0
 time: Ex. - Corr.  2nd Derivatives     :     0.7  70.3%     1.0
 time: Coulomb-type 1st Derivatives     :     0.1 100.0%     0.0
 time: Ex. - Corr.  Response            :     0.8  81.3%     1.0
 time: Ex. - Corr.  1st Derivatives     :     0.5 100.0%     0.0
 time: One-Electron 1st Derivatives     :     0.4  36.0%     1.0
 time: Coulomb-type 1st Derivatives     :     0.2 100.0%     0.0
 time: Coulomb-type Integrals           :     0.0 100.0%     0.0
 time: Coulomb-type Integrals           :     0.1 100.0%     0.0
 Solving for responses   1 -  12
 iter =  0  N =   9  rmax = 0.11567447
 iter =  1  N =  18  rmax = 0.01165852
 iter =  2  N =  27  rmax = 0.00069915
 converged!
 Solving for responses  13 -  15
 iter =  0  N =   3  rmax = 0.98611837
 iter =  1  N =   6  rmax = 0.13941565
 iter =  2  N =   9  rmax = 0.02068610
 iter =  3  N =  12  rmax = 0.00243828
 iter =  4  N =  14  rmax = 0.00046807
 converged!
 time: Coulomb-type Integrals           :     0.6  56.2%     1.0
.
 time: ANALYTIC SECOND DERIVATIVES      :     4.1  81.9%     5.0


eng>$Energy
eng> E=-1.5155394301925e+02
eng> D= 1.20229313e-01 -4.44465108e-01  5.50373192e-01
eng> A=-8.68250317e+00
eng>    3.87253044e-01 -1.17557220e+01
eng>    6.65522747e-01 -3.87011910e+00 -1.03393685e+01
eng> G= 1.02408161e-06  4.00680140e-06 -2.78456772e-06
eng>    1.03957764e-05 -2.61355008e-06  4.50545866e-06
eng>   -5.55298732e-06  1.80651570e-06 -3.58795758e-06
eng>   -5.86687067e-06 -3.19976701e-06  1.86706664e-06
eng> Dx=-2.41004675e-01  8.03451146e-02 -9.04407712e-02
eng>     1.18011133e-01 -2.21307375e-01 -6.78155774e-02
eng>    -1.16322149e-01  1.20381137e-02 -2.54477964e-01
eng>    -1.49041536e-01 -6.20363959e-02  7.59436695e-02
eng>    -5.94393052e-02 -2.95643674e-01  6.07779302e-02
eng>     1.34345151e-01 -1.02841635e-02 -2.72114394e-01
eng>     1.62657810e-01  4.20187171e-02 -6.45287891e-02
eng>     2.55296331e-02  3.08945270e-01 -2.78496852e-02
eng>    -8.93295034e-02 -1.73852268e-02  2.45192144e-01
eng>     2.27388402e-01 -6.03274357e-02  7.90258907e-02
eng>    -8.41014612e-02  2.08005779e-01  3.48873324e-02
eng>     7.13065017e-02  1.56312766e-02  2.81400214e-01
eng> H= 2.31304533e-01  1.67299186e-01  4.37839666e-01 -1.21869043e-01  2.87577418e-02  1.46626176e-01
eng>   -7.52467155e-02  4.53635601e-02  3.48981841e-02  3.56238891e-01  3.68508226e-02 -1.08894667e-01
eng>   -6.19338569e-02 -2.42275727e-02  1.46838813e-01  5.62380642e-02 -1.01848991e-01 -9.47060445e-02
eng>    1.82198074e-01  1.41878524e-01  3.12733302e-01  1.03135175e-02  1.75201998e-02  2.92768621e-02
eng>   -2.86221579e-01 -4.49746097e-02 -2.46618586e-01  2.77601111e-01 -1.19423208e-02 -1.26249251e-02
eng>   -1.98181738e-02 -1.46149407e-02 -1.99141830e-02 -3.69960525e-02  2.68036791e-02  3.51568384e-02
eng>   -8.92570884e-03 -9.60585250e-03 -1.72428278e-02 -2.08292964e-01 -5.17694860e-02 -2.11268181e-01
eng>    2.16462251e-01  6.23061850e-02  2.29978924e-01 -1.66371335e-01 -2.30182946e-01  5.76939971e-02
eng>    5.22940441e-03  3.23513597e-02  8.18244828e-03 -1.69304916e-03 -2.46417612e-04  7.56421595e-04
eng>    1.62834979e-01 -1.92207688e-01 -3.16320074e-01  5.29942889e-02 -6.52104677e-03 -1.80299633e-02
eng>   -3.03347963e-03  6.50730810e-04 -2.61773034e-03 -9.30846469e-04  1.98078004e-01  3.36967767e-01
eng>    7.45566880e-02  8.26971022e-02 -3.46773037e-02 -8.80329426e-03 -2.81751807e-02 -6.75907596e-03
eng>    8.79473233e-04 -5.49195866e-03 -1.46791462e-03 -6.66328670e-02 -4.90299628e-02  4.29042943e-02
eng>$end

 G(max) = 0.00001163  |G| = 0.00001597

 Dipole Polarizability:
     8.682503
    -0.387253    11.755722
    -0.665523     3.870119    10.339368

 ========================================
 VIBRATIONAL ANALYSIS and THERMOCHEMISTRY
 ========================================

  Atomic Masses (amu)
   1    O   15.994910
   2    O   15.994910
   3    H    1.007825
   4    H    1.007825

 Tensor of Inertia (amu*bohr*bohr)
    60.1190    17.7399    17.2948
    17.7399    43.8759   -27.9642
    17.2948   -27.9642    47.3397
         Principal Moments
     6.2076    71.4245    73.7026

 Dipole and Polarizability Derivatives:
 mode   1, freq= 380.20 
  dipole:
   Dx=-0.0015743 Dy= 0.0058195 Dz=-0.0072052
 mode   2, freq= 882.04 
  dipole:
   Dx= 0.0001189 Dy=-0.0004397 Dz= 0.0005446
 mode   3, freq=1260.31 
  dipole:
   Dx=-0.0039606 Dy= 0.0052164 Dz= 0.0050784
 mode   4, freq=1358.90 
  dipole:
   Dx= 0.0000479 Dy=-0.0001782 Dz= 0.0002230
 mode   5, freq=3657.73 
  dipole:
   Dx= 0.0017392 Dy= 0.0033521 Dz= 0.0023015
 mode   6, freq=3665.53 
  dipole:
   Dx=-0.0003410 Dy= 0.0011607 Dz=-0.0015037

 Harmonic Frequencies (cm^-1), Reduced Masses (amu),
 IR Intensities (km/mol),
 Raman Scattering Activities (A^4/amu),
 Raman Depolarization Ratios,
 Raman Optical Activities (10^-4)
 *------*---------*--------*---------*---------*--------*-----------*-----------*
 | Mode | Freq.   | Mass.  | IR Int. |Raman A. |Raman D.| ROA (90)  | ROA (180) |
 *------*---------*--------*---------*---------*--------*-----------*-----------*
 |    1 |  380.20 |   1.08 | 156.761 |   0.000 | 0.0000 |   0.00000 |   0.00000 |
 |    2 |  882.04 |  14.47 |   0.895 |   0.000 | 0.0000 |   0.00000 |   0.00000 |
 |    3 | 1260.31 |   1.10 | 121.998 |   0.000 | 0.0000 |   0.00000 |   0.00000 |
 |    4 | 1358.90 |   1.08 |   0.149 |   0.000 | 0.0000 |   0.00000 |   0.00000 |
 |    5 | 3657.73 |   1.07 |  34.738 |   0.000 | 0.0000 |   0.00000 |   0.00000 |
 |    6 | 3665.53 |   1.07 |   6.616 |   0.000 | 0.0000 |   0.00000 |   0.00000 |
 *------*---------*--------*---------*---------*--------*-----------*-----------*

 ====================================================
 Normal Modes (mass-weighted) and Frequencies (cm^-1)
 ====================================================

 mode         1         2         3         4         5         6  
 freq.    380.2     882.0    1260.3    1358.9    3657.7    3665.5  

   1 x   0.149279  0.341865  0.072461  0.151205 -0.095077 -0.093203
   1 y  -0.064433 -0.430027 -0.014843  0.107923 -0.143129 -0.145215
   1 z   0.101043 -0.441219 -0.202226  0.033598  0.032597  0.024684
   2 x  -0.101539 -0.346806  0.117366 -0.156448 -0.125245  0.127049
   2 y  -0.112028  0.448295 -0.180532 -0.088481 -0.021455  0.030129
   2 z   0.117434  0.418590  0.002962 -0.057750 -0.114860  0.120761
   3 x   0.235344  0.011888 -0.385029  0.351571  0.497701 -0.510145
   3 y   0.519338 -0.043054  0.414475 -0.456401  0.090223 -0.092673
   3 z  -0.371836  0.039248  0.365710 -0.363737  0.452285 -0.458021
   4 x  -0.425533  0.007797 -0.371206 -0.330685  0.380020  0.375308
   4 y   0.183649 -0.029723  0.363864  0.378947  0.565449  0.551153
   4 z  -0.498535  0.050902  0.428120  0.459955 -0.124565 -0.121403

 E =  -151.553943    E0 =  -151.528417

 ZPVE = 0.025526 a.u. =   16.0179 kcal/mol

 ----------------------------------------------------------------------
 T =  298.150 K      ln(Q)       S          U          H          G
                              cal/mol*K  kcal/mol   kcal/mol   kcal/mol
 ----------------------------------------------------------------------
 translational      15.8681    36.5013     0.8887     1.4812    -9.4016
 rotational          7.6230    18.1293     0.8887     0.8887    -4.5165
 vibrational         0.1919     1.2419    16.2745    16.2745    15.9042
 total              23.6829    55.8725    18.0520    18.6445     1.9861
 ----------------------------------------------------------------------

 ============================================================

 Memory used =     8791 KB
  Disk  used =    22993 KB,          2430 KB written,         8194 KB read

 CPU  time =    7.75 sec =  0.13 min = 0.00 hr =   96.86%
 REAL time =    8.00 sec =  0.13 min = 0.00 hr
 ratio     =   96.86%

 date: Fri Mar 31 22:10:31 2023

 time: Initial Guess                    :     0.0 100.0%     0.0
 time: atomic calculations              :     0.0 100.0%     0.0
 time: One-Electron Integrals           :     0.0 100.0%     0.0
 time: Coulomb-type Integrals           :     1.2  60.1%     2.0
 time: Diagonalize                      :     0.0   0.0%     0.0
 time: Matrix Multiply                  :     0.0   0.0%     0.0
 time: SCF Equations                    :     2.1 100.0%     2.0
 time: Inversion of V-Matrix            :     0.0   0.0%     0.0
 time: Orthogonalize                    :     0.0   0.0%     0.0
 time: Grid Construction                :     0.6 100.0%     0.0
 time: Numerical Integration            :     1.6   0.0% 327613896351388854939113477346469310871231200000000000000000000000000000000000000000000000000000000000000000000000000000000000000000000000000000000000000000000000000000000000000000.0
 time: Rotate                           :     0.0   0.0%     0.0
 time: One-Electron Gradient            :     0.1 100.0%     0.0
 time: Coulomb-type Gradient            :     0.1 100.0%     0.0
 time: Ex. - Corr.  Gradient            :     0.3 100.0%     0.0
 time: ANALYTIC SECOND DERIVATIVES      :     4.1  81.9%     5.0
 time: One-Electron 2nd Derivatives     :     0.2  21.9%     1.0
 time: Coulomb-type 2nd Derivatives     :     0.4 100.0%     0.0
 time: Ex. - Corr.  2nd Derivatives     :     0.7  70.3%     1.0
 time: Coulomb-type 1st Derivatives     :     0.3 100.0%     0.0
 time: Ex. - Corr.  Response            :     0.8  81.3%     1.0
 time: Ex. - Corr.  1st Derivatives     :     0.5 100.0%     0.0
 time: One-Electron 1st Derivatives     :     0.4  36.0%     1.0
 time: Dot Products                     :     0.0   0.0%     0.0
